<?xml version="1.0" encoding="UTF-8"?>
<!-- Generated by org.testng.reporters.JUnitReportReporter -->
<testsuite hostname="Alpha" failures="0" tests="4" name="stepdefs.TestSample" time="0.417" errors="0" timestamp="2021-04-21T00:18:23 SGT" skipped="0">
  <testcase classname="stepdefs.TestSample" name="test4" time="0.000"/>
  <system-out/>
  <testcase classname="stepdefs.TestSample" name="test3" time="0.000"/>
  <system-out/>
  <testcase classname="stepdefs.TestSample" name="test1" time="0.416"/>
  <system-out/>
  <testcase classname="stepdefs.TestSample" name="test2" time="0.001"/>
  <system-out/>
</testsuite> <!-- stepdefs.TestSample -->
